# JRE version: OpenJDK Runtime Environment Microsoft-8035246 (17.0.8+7) (build 17.0.8+7-LTS)
# Java VM: OpenJDK 64-Bit Server VM Microsoft-8035246 (17.0.8+7-LTS, mixed mode, sharing, tiered, compressed oops, compressed class ptrs, g1 gc, windows-amd64)
GC Precious Log:
 CPUs: 4 total, 4 available
 Memory: 7934M
 Large Page Support: Disabled
 NUMA Support: Disabled
 Compressed Oops: Enabled (32-bit)
 Heap Region Size: 1M
 Heap Min Capacity: 8M
 Heap Initial Capacity: 124M
 Heap Max Capacity: 2G
 Pre-touch: Disabled
 Parallel Workers: 4
 Concurrent Workers: 1
 Concurrent Refinement Workers: 4
 Periodic GC: Disabled
Heap:
 garbage-first heap   total 294912K, used 216751K [0x0000000080000000, 0x0000000100000000)
  region size 1024K, 54 young (55296K), 6 survivors (6144K)
 Metaspace       used 102765K, committed 103808K, reserved 557056K
  class space    used 14193K, committed 14720K, reserved 425984K
GC Heap History (20 events):
Event: 12.219 GC heap before
{Heap before GC invocations=29 (full 0):
 garbage-first heap   total 147456K, used 92057K [0x0000000080000000, 0x0000000100000000)
  region size 1024K, 7 young (7168K), 4 survivors (4096K)
 Metaspace       used 71853K, committed 72640K, reserved 491520K
  class space    used 9984K, committed 10368K, reserved 425984K
}
Event: 12.223 GC heap after
{Heap after GC invocations=30 (full 0):
 garbage-first heap   total 147456K, used 88063K [0x0000000080000000, 0x0000000100000000)
  region size 1024K, 1 young (1024K), 1 survivors (1024K)
 Metaspace       used 71853K, committed 72640K, reserved 491520K
  class space    used 9984K, committed 10368K, reserved 425984K
}
Event: 12.410 GC heap before
{Heap before GC invocations=30 (full 0):
 garbage-first heap   total 147456K, used 112639K [0x0000000080000000, 0x0000000100000000)
  region size 1024K, 26 young (26624K), 1 survivors (1024K)
 Metaspace       used 73470K, committed 74176K, reserved 491520K
  class space    used 10204K, committed 10560K, reserved 425984K
}
Event: 12.413 GC heap after
{Heap after GC invocations=31 (full 0):
 garbage-first heap   total 294912K, used 89417K [0x0000000080000000, 0x0000000100000000)
  region size 1024K, 3 young (3072K), 3 survivors (3072K)
 Metaspace       used 73470K, committed 74176K, reserved 491520K
  class space    used 10204K, committed 10560K, reserved 425984K
}
Event: 15.975 GC heap before
{Heap before GC invocations=32 (full 0):
 garbage-first heap   total 294912K, used 192841K [0x0000000080000000, 0x0000000100000000)
  region size 1024K, 107 young (109568K), 3 survivors (3072K)
 Metaspace       used 78320K, committed 79040K, reserved 557056K
  class space    used 10852K, committed 11200K, reserved 425984K
}
Event: 15.983 GC heap after
{Heap after GC invocations=33 (full 0):
 garbage-first heap   total 294912K, used 92065K [0x0000000080000000, 0x0000000100000000)
  region size 1024K, 9 young (9216K), 9 survivors (9216K)
 Metaspace       used 78320K, committed 79040K, reserved 557056K
  class space    used 10852K, committed 11200K, reserved 425984K
}
Event: 16.022 GC heap before
{Heap before GC invocations=33 (full 0):
 garbage-first heap   total 294912K, used 97185K [0x0000000080000000, 0x0000000100000000)
  region size 1024K, 14 young (14336K), 9 survivors (9216K)
 Metaspace       used 78605K, committed 79360K, reserved 557056K
  class space    used 10901K, committed 11264K, reserved 425984K
}
Event: 16.028 GC heap after
{Heap after GC invocations=34 (full 0):
 garbage-first heap   total 294912K, used 92455K [0x0000000080000000, 0x0000000100000000)
  region size 1024K, 2 young (2048K), 2 survivors (2048K)
 Metaspace       used 78605K, committed 79360K, reserved 557056K
  class space    used 10901K, committed 11264K, reserved 425984K
}
Event: 17.050 GC heap before
{Heap before GC invocations=34 (full 0):
 garbage-first heap   total 294912K, used 214311K [0x0000000080000000, 0x0000000100000000)
  region size 1024K, 121 young (123904K), 2 survivors (2048K)
 Metaspace       used 86984K, committed 87744K, reserved 557056K
  class space    used 12209K, committed 12608K, reserved 425984K
}
Event: 17.057 GC heap after
{Heap after GC invocations=35 (full 0):
 garbage-first heap   total 294912K, used 96213K [0x0000000080000000, 0x0000000100000000)
  region size 1024K, 5 young (5120K), 5 survivors (5120K)
 Metaspace       used 86984K, committed 87744K, reserved 557056K
  class space    used 12209K, committed 12608K, reserved 425984K
}
Event: 18.548 GC heap before
{Heap before GC invocations=35 (full 0):
 garbage-first heap   total 294912K, used 229333K [0x0000000080000000, 0x0000000100000000)
  region size 1024K, 131 young (134144K), 5 survivors (5120K)
 Metaspace       used 91397K, committed 92352K, reserved 557056K
  class space    used 12771K, committed 13248K, reserved 425984K
}
Event: 18.584 GC heap after
{Heap after GC invocations=36 (full 0):
 garbage-first heap   total 294912K, used 120481K [0x0000000080000000, 0x0000000100000000)
  region size 1024K, 17 young (17408K), 17 survivors (17408K)
 Metaspace       used 91397K, committed 92352K, reserved 557056K
  class space    used 12771K, committed 13248K, reserved 425984K
}
Event: 19.901 GC heap before
{Heap before GC invocations=36 (full 0):
 garbage-first heap   total 294912K, used 224929K [0x0000000080000000, 0x0000000100000000)
  region size 1024K, 117 young (119808K), 17 survivors (17408K)
 Metaspace       used 95498K, committed 96448K, reserved 557056K
  class space    used 13366K, committed 13824K, reserved 425984K
}
Event: 19.922 GC heap after
{Heap after GC invocations=37 (full 0):
 garbage-first heap   total 294912K, used 140263K [0x0000000080000000, 0x0000000100000000)
  region size 1024K, 15 young (15360K), 15 survivors (15360K)
 Metaspace       used 95498K, committed 96448K, reserved 557056K
  class space    used 13366K, committed 13824K, reserved 425984K
}
Event: 20.829 GC heap before
{Heap before GC invocations=37 (full 0):
 garbage-first heap   total 294912K, used 226279K [0x0000000080000000, 0x0000000100000000)
  region size 1024K, 99 young (101376K), 15 survivors (15360K)
 Metaspace       used 98944K, committed 99968K, reserved 557056K
  class space    used 13799K, committed 14336K, reserved 425984K
}
Event: 20.846 GC heap after
{Heap after GC invocations=38 (full 0):
 garbage-first heap   total 294912K, used 150703K [0x0000000080000000, 0x0000000100000000)
  region size 1024K, 10 young (10240K), 10 survivors (10240K)
 Metaspace       used 98944K, committed 99968K, reserved 557056K
  class space    used 13799K, committed 14336K, reserved 425984K
}
Event: 21.558 GC heap before
{Heap before GC invocations=38 (full 0):
 garbage-first heap   total 294912K, used 235695K [0x0000000080000000, 0x0000000100000000)
  region size 1024K, 89 young (91136K), 10 survivors (10240K)
 Metaspace       used 101612K, committed 102720K, reserved 557056K
  class space    used 14049K, committed 14592K, reserved 425984K
}
Event: 21.575 GC heap after
{Heap after GC invocations=39 (full 0):
 garbage-first heap   total 294912K, used 159887K [0x0000000080000000, 0x0000000100000000)
  region size 1024K, 10 young (10240K), 10 survivors (10240K)
 Metaspace       used 101612K, committed 102720K, reserved 557056K
  class space    used 14049K, committed 14592K, reserved 425984K
}
Event: 22.438 GC heap before
{Heap before GC invocations=39 (full 0):
 garbage-first heap   total 294912K, used 233615K [0x0000000080000000, 0x0000000100000000)
  region size 1024K, 83 young (84992K), 10 survivors (10240K)
 Metaspace       used 102740K, committed 103808K, reserved 557056K
  class space    used 14192K, committed 14720K, reserved 425984K
}
Event: 22.453 GC heap after
{Heap after GC invocations=40 (full 0):
 garbage-first heap   total 294912K, used 165551K [0x0000000080000000, 0x0000000100000000)
  region size 1024K, 6 young (6144K), 6 survivors (6144K)
 Metaspace       used 102740K, committed 103808K, reserved 557056K
  class space    used 14192K, committed 14720K, reserved 425984K
}

