# JRE version: OpenJDK Runtime Environment Microsoft-8035246 (17.0.8+7) (build 17.0.8+7-LTS)
# Java VM: OpenJDK 64-Bit Server VM Microsoft-8035246 (17.0.8+7-LTS, mixed mode, sharing, tiered, compressed oops, compressed class ptrs, g1 gc, windows-amd64)
GC Precious Log:
 CPUs: 4 total, 4 available
 Memory: 7934M
 Large Page Support: Disabled
 NUMA Support: Disabled
 Compressed Oops: Enabled (32-bit)
 Heap Region Size: 1M
 Heap Min Capacity: 8M
 Heap Initial Capacity: 124M
 Heap Max Capacity: 2G
 Pre-touch: Disabled
 Parallel Workers: 4
 Concurrent Workers: 1
 Concurrent Refinement Workers: 4
 Periodic GC: Disabled
Heap:
 garbage-first heap   total 242688K, used 187257K [0x0000000080000000, 0x0000000100000000)
  region size 1024K, 22 young (22528K), 5 survivors (5120K)
 Metaspace       used 107911K, committed 108992K, reserved 557056K
  class space    used 14808K, committed 15296K, reserved 425984K
GC Heap History (20 events):
Event: 18.386 GC heap before
{Heap before GC invocations=30 (full 0):
 garbage-first heap   total 242688K, used 191454K [0x0000000080000000, 0x0000000100000000)
  region size 1024K, 100 young (102400K), 7 survivors (7168K)
 Metaspace       used 92274K, committed 93184K, reserved 557056K
  class space    used 12887K, committed 13312K, reserved 425984K
}
Event: 18.396 GC heap after
{Heap after GC invocations=31 (full 0):
 garbage-first heap   total 242688K, used 99399K [0x0000000080000000, 0x0000000100000000)
  region size 1024K, 11 young (11264K), 11 survivors (11264K)
 Metaspace       used 92274K, committed 93184K, reserved 557056K
  class space    used 12887K, committed 13312K, reserved 425984K
}
Event: 19.422 GC heap before
{Heap before GC invocations=31 (full 0):
 garbage-first heap   total 242688K, used 195655K [0x0000000080000000, 0x0000000100000000)
  region size 1024K, 104 young (106496K), 11 survivors (11264K)
 Metaspace       used 96172K, committed 97152K, reserved 557056K
  class space    used 13383K, committed 13824K, reserved 425984K
}
Event: 19.439 GC heap after
{Heap after GC invocations=32 (full 0):
 garbage-first heap   total 242688K, used 116079K [0x0000000080000000, 0x0000000100000000)
  region size 1024K, 13 young (13312K), 13 survivors (13312K)
 Metaspace       used 96172K, committed 97152K, reserved 557056K
  class space    used 13383K, committed 13824K, reserved 425984K
}
Event: 20.421 GC heap before
{Heap before GC invocations=32 (full 0):
 garbage-first heap   total 242688K, used 197999K [0x0000000080000000, 0x0000000100000000)
  region size 1024K, 88 young (90112K), 13 survivors (13312K)
 Metaspace       used 97271K, committed 98304K, reserved 557056K
  class space    used 13497K, committed 14016K, reserved 425984K
}
Event: 20.438 GC heap after
{Heap after GC invocations=33 (full 0):
 garbage-first heap   total 242688K, used 140014K [0x0000000080000000, 0x0000000100000000)
  region size 1024K, 11 young (11264K), 11 survivors (11264K)
 Metaspace       used 97271K, committed 98304K, reserved 557056K
  class space    used 13497K, committed 14016K, reserved 425984K
}
Event: 21.021 GC heap before
{Heap before GC invocations=33 (full 0):
 garbage-first heap   total 242688K, used 192238K [0x0000000080000000, 0x0000000100000000)
  region size 1024K, 62 young (63488K), 11 survivors (11264K)
 Metaspace       used 100705K, committed 101696K, reserved 557056K
  class space    used 14013K, committed 14464K, reserved 425984K
}
Event: 21.031 GC heap after
{Heap after GC invocations=34 (full 0):
 garbage-first heap   total 242688K, used 145229K [0x0000000080000000, 0x0000000100000000)
  region size 1024K, 5 young (5120K), 5 survivors (5120K)
 Metaspace       used 100705K, committed 101696K, reserved 557056K
  class space    used 14013K, committed 14464K, reserved 425984K
}
Event: 21.699 GC heap before
{Heap before GC invocations=34 (full 0):
 garbage-first heap   total 242688K, used 195405K [0x0000000080000000, 0x0000000100000000)
  region size 1024K, 54 young (55296K), 5 survivors (5120K)
 Metaspace       used 103327K, committed 104384K, reserved 557056K
  class space    used 14361K, committed 14848K, reserved 425984K
}
Event: 21.711 GC heap after
{Heap after GC invocations=35 (full 0):
 garbage-first heap   total 242688K, used 150393K [0x0000000080000000, 0x0000000100000000)
  region size 1024K, 7 young (7168K), 7 survivors (7168K)
 Metaspace       used 103327K, committed 104384K, reserved 557056K
  class space    used 14361K, committed 14848K, reserved 425984K
}
Event: 22.110 GC heap before
{Heap before GC invocations=35 (full 0):
 garbage-first heap   total 242688K, used 198521K [0x0000000080000000, 0x0000000100000000)
  region size 1024K, 54 young (55296K), 7 survivors (7168K)
 Metaspace       used 104215K, committed 105216K, reserved 557056K
  class space    used 14450K, committed 14912K, reserved 425984K
}
Event: 22.122 GC heap after
{Heap after GC invocations=36 (full 0):
 garbage-first heap   total 242688K, used 155697K [0x0000000080000000, 0x0000000100000000)
  region size 1024K, 5 young (5120K), 5 survivors (5120K)
 Metaspace       used 104215K, committed 105216K, reserved 557056K
  class space    used 14450K, committed 14912K, reserved 425984K
}
Event: 22.416 GC heap before
{Heap before GC invocations=36 (full 0):
 garbage-first heap   total 242688K, used 199729K [0x0000000080000000, 0x0000000100000000)
  region size 1024K, 48 young (49152K), 5 survivors (5120K)
 Metaspace       used 104781K, committed 105856K, reserved 557056K
  class space    used 14506K, committed 14976K, reserved 425984K
}
Event: 22.429 GC heap after
{Heap after GC invocations=37 (full 0):
 garbage-first heap   total 242688K, used 160633K [0x0000000080000000, 0x0000000100000000)
  region size 1024K, 5 young (5120K), 5 survivors (5120K)
 Metaspace       used 104781K, committed 105856K, reserved 557056K
  class space    used 14506K, committed 14976K, reserved 425984K
}
Event: 23.154 GC heap before
{Heap before GC invocations=37 (full 0):
 garbage-first heap   total 242688K, used 206713K [0x0000000080000000, 0x0000000100000000)
  region size 1024K, 46 young (47104K), 5 survivors (5120K)
 Metaspace       used 107068K, committed 108096K, reserved 557056K
  class space    used 14699K, committed 15168K, reserved 425984K
}
Event: 23.164 GC heap after
{Heap after GC invocations=38 (full 0):
 garbage-first heap   total 242688K, used 165205K [0x0000000080000000, 0x0000000100000000)
  region size 1024K, 5 young (5120K), 5 survivors (5120K)
 Metaspace       used 107068K, committed 108096K, reserved 557056K
  class space    used 14699K, committed 15168K, reserved 425984K
}
Event: 23.658 GC heap before
{Heap before GC invocations=38 (full 0):
 garbage-first heap   total 242688K, used 202069K [0x0000000080000000, 0x0000000100000000)
  region size 1024K, 42 young (43008K), 5 survivors (5120K)
 Metaspace       used 107340K, committed 108352K, reserved 557056K
  class space    used 14706K, committed 15168K, reserved 425984K
}
Event: 23.664 GC heap after
{Heap after GC invocations=39 (full 0):
 garbage-first heap   total 242688K, used 166886K [0x0000000080000000, 0x0000000100000000)
  region size 1024K, 2 young (2048K), 2 survivors (2048K)
 Metaspace       used 107340K, committed 108352K, reserved 557056K
  class space    used 14706K, committed 15168K, reserved 425984K
}
Event: 24.295 GC heap before
{Heap before GC invocations=39 (full 0):
 garbage-first heap   total 242688K, used 204774K [0x0000000080000000, 0x0000000100000000)
  region size 1024K, 40 young (40960K), 2 survivors (2048K)
 Metaspace       used 107910K, committed 108992K, reserved 557056K
  class space    used 14808K, committed 15296K, reserved 425984K
}
Event: 24.301 GC heap after
{Heap after GC invocations=40 (full 0):
 garbage-first heap   total 242688K, used 170873K [0x0000000080000000, 0x0000000100000000)
  region size 1024K, 5 young (5120K), 5 survivors (5120K)
 Metaspace       used 107910K, committed 108992K, reserved 557056K
  class space    used 14808K, committed 15296K, reserved 425984K
}

