# JRE version: OpenJDK Runtime Environment Microsoft-8035246 (17.0.8+7) (build 17.0.8+7-LTS)
# Java VM: OpenJDK 64-Bit Server VM Microsoft-8035246 (17.0.8+7-LTS, mixed mode, sharing, tiered, compressed oops, compressed class ptrs, g1 gc, windows-amd64)
GC Precious Log:
 CPUs: 4 total, 4 available
 Memory: 7934M
 Large Page Support: Disabled
 NUMA Support: Disabled
 Compressed Oops: Enabled (32-bit)
 Heap Region Size: 1M
 Heap Min Capacity: 8M
 Heap Initial Capacity: 124M
 Heap Max Capacity: 2G
 Pre-touch: Disabled
 Parallel Workers: 4
 Concurrent Workers: 1
 Concurrent Refinement Workers: 4
 Periodic GC: Disabled
Heap:
 garbage-first heap   total 311296K, used 245534K [0x0000000080000000, 0x0000000100000000)
  region size 1024K, 87 young (89088K), 8 survivors (8192K)
 Metaspace       used 102786K, committed 103808K, reserved 557056K
  class space    used 14175K, committed 14656K, reserved 425984K
GC Heap History (20 events):
Event: 17.304 GC heap before
{Heap before GC invocations=27 (full 0):
 garbage-first heap   total 147456K, used 114021K [0x0000000080000000, 0x0000000100000000)
  region size 1024K, 30 young (30720K), 1 survivors (1024K)
 Metaspace       used 74138K, committed 74816K, reserved 491520K
  class space    used 10290K, committed 10560K, reserved 425984K
}
Event: 17.306 GC heap after
{Heap after GC invocations=28 (full 0):
 garbage-first heap   total 147456K, used 85290K [0x0000000080000000, 0x0000000100000000)
  region size 1024K, 2 young (2048K), 2 survivors (2048K)
 Metaspace       used 74138K, committed 74816K, reserved 491520K
  class space    used 10290K, committed 10560K, reserved 425984K
}
Event: 17.724 GC heap before
{Heap before GC invocations=29 (full 0):
 garbage-first heap   total 155648K, used 117034K [0x0000000080000000, 0x0000000100000000)
  region size 1024K, 33 young (33792K), 2 survivors (2048K)
 Metaspace       used 76538K, committed 77184K, reserved 557056K
  class space    used 10607K, committed 10880K, reserved 425984K
}
Event: 17.731 GC heap after
{Heap after GC invocations=30 (full 0):
 garbage-first heap   total 155648K, used 86623K [0x0000000080000000, 0x0000000100000000)
  region size 1024K, 3 young (3072K), 3 survivors (3072K)
 Metaspace       used 76538K, committed 77184K, reserved 557056K
  class space    used 10607K, committed 10880K, reserved 425984K
}
Event: 17.774 GC heap before
{Heap before GC invocations=30 (full 0):
 garbage-first heap   total 155648K, used 90719K [0x0000000080000000, 0x0000000100000000)
  region size 1024K, 7 young (7168K), 3 survivors (3072K)
 Metaspace       used 76814K, committed 77504K, reserved 557056K
  class space    used 10649K, committed 10944K, reserved 425984K
}
Event: 17.789 GC heap after
{Heap after GC invocations=31 (full 0):
 garbage-first heap   total 155648K, used 85978K [0x0000000080000000, 0x0000000100000000)
  region size 1024K, 1 young (1024K), 1 survivors (1024K)
 Metaspace       used 76814K, committed 77504K, reserved 557056K
  class space    used 10649K, committed 10944K, reserved 425984K
}
Event: 18.308 GC heap before
{Heap before GC invocations=31 (full 0):
 garbage-first heap   total 155648K, used 123866K [0x0000000080000000, 0x0000000100000000)
  region size 1024K, 38 young (38912K), 1 survivors (1024K)
 Metaspace       used 78039K, committed 78720K, reserved 557056K
  class space    used 10813K, committed 11136K, reserved 425984K
}
Event: 18.317 GC heap after
{Heap after GC invocations=32 (full 0):
 garbage-first heap   total 311296K, used 88703K [0x0000000080000000, 0x0000000100000000)
  region size 1024K, 3 young (3072K), 3 survivors (3072K)
 Metaspace       used 78039K, committed 78720K, reserved 557056K
  class space    used 10813K, committed 11136K, reserved 425984K
}
Event: 22.965 GC heap before
{Heap before GC invocations=33 (full 0):
 garbage-first heap   total 311296K, used 232063K [0x0000000080000000, 0x0000000100000000)
  region size 1024K, 142 young (145408K), 3 survivors (3072K)
 Metaspace       used 86401K, committed 87040K, reserved 557056K
  class space    used 12122K, committed 12416K, reserved 425984K
}
Event: 22.989 GC heap after
{Heap after GC invocations=34 (full 0):
 garbage-first heap   total 311296K, used 94964K [0x0000000080000000, 0x0000000100000000)
  region size 1024K, 9 young (9216K), 9 survivors (9216K)
 Metaspace       used 86401K, committed 87040K, reserved 557056K
  class space    used 12122K, committed 12416K, reserved 425984K
}
Event: 23.048 GC heap before
{Heap before GC invocations=34 (full 0):
 garbage-first heap   total 311296K, used 101108K [0x0000000080000000, 0x0000000100000000)
  region size 1024K, 15 young (15360K), 9 survivors (9216K)
 Metaspace       used 86775K, committed 87424K, reserved 557056K
  class space    used 12181K, committed 12480K, reserved 425984K
}
Event: 23.058 GC heap after
{Heap after GC invocations=35 (full 0):
 garbage-first heap   total 311296K, used 95459K [0x0000000080000000, 0x0000000100000000)
  region size 1024K, 1 young (1024K), 1 survivors (1024K)
 Metaspace       used 86775K, committed 87424K, reserved 557056K
  class space    used 12181K, committed 12480K, reserved 425984K
}
Event: 25.246 GC heap before
{Heap before GC invocations=35 (full 0):
 garbage-first heap   total 311296K, used 247011K [0x0000000080000000, 0x0000000100000000)
  region size 1024K, 144 young (147456K), 1 survivors (1024K)
 Metaspace       used 91631K, committed 92608K, reserved 557056K
  class space    used 12793K, committed 13248K, reserved 425984K
}
Event: 25.272 GC heap after
{Heap after GC invocations=36 (full 0):
 garbage-first heap   total 311296K, used 127092K [0x0000000080000000, 0x0000000100000000)
  region size 1024K, 18 young (18432K), 18 survivors (18432K)
 Metaspace       used 91631K, committed 92608K, reserved 557056K
  class space    used 12793K, committed 13248K, reserved 425984K
}
Event: 27.015 GC heap before
{Heap before GC invocations=36 (full 0):
 garbage-first heap   total 311296K, used 239732K [0x0000000080000000, 0x0000000100000000)
  region size 1024K, 127 young (130048K), 18 survivors (18432K)
 Metaspace       used 97231K, committed 98176K, reserved 557056K
  class space    used 13580K, committed 14016K, reserved 425984K
}
Event: 27.051 GC heap after
{Heap after GC invocations=37 (full 0):
 garbage-first heap   total 311296K, used 143056K [0x0000000080000000, 0x0000000100000000)
  region size 1024K, 13 young (13312K), 13 survivors (13312K)
 Metaspace       used 97231K, committed 98176K, reserved 557056K
  class space    used 13580K, committed 14016K, reserved 425984K
}
Event: 28.349 GC heap before
{Heap before GC invocations=37 (full 0):
 garbage-first heap   total 311296K, used 242384K [0x0000000080000000, 0x0000000100000000)
  region size 1024K, 110 young (112640K), 13 survivors (13312K)
 Metaspace       used 99322K, committed 100288K, reserved 557056K
  class space    used 13821K, committed 14272K, reserved 425984K
}
Event: 28.371 GC heap after
{Heap after GC invocations=38 (full 0):
 garbage-first heap   total 311296K, used 154398K [0x0000000080000000, 0x0000000100000000)
  region size 1024K, 12 young (12288K), 12 survivors (12288K)
 Metaspace       used 99322K, committed 100288K, reserved 557056K
  class space    used 13821K, committed 14272K, reserved 425984K
}
Event: 29.507 GC heap before
{Heap before GC invocations=38 (full 0):
 garbage-first heap   total 311296K, used 249630K [0x0000000080000000, 0x0000000100000000)
  region size 1024K, 101 young (103424K), 12 survivors (12288K)
 Metaspace       used 102127K, committed 103232K, reserved 557056K
  class space    used 14073K, committed 14592K, reserved 425984K
}
Event: 29.529 GC heap after
{Heap after GC invocations=39 (full 0):
 garbage-first heap   total 311296K, used 162590K [0x0000000080000000, 0x0000000100000000)
  region size 1024K, 8 young (8192K), 8 survivors (8192K)
 Metaspace       used 102127K, committed 103232K, reserved 557056K
  class space    used 14073K, committed 14592K, reserved 425984K
}

